{
  "stats": {
    "suites": 1,
    "tests": 3,
    "passes": 3,
    "pending": 0,
    "failures": 0,
    "start": "2021-07-04T01:13:43.514Z",
    "end": "2021-07-04T01:14:22.811Z",
    "duration": 39297,
    "testsRegistered": 3,
    "passPercent": 100,
    "pendingPercent": 0,
    "other": 0,
    "hasOther": false,
    "skipped": 0,
    "hasSkipped": false
  },
  "results": [
    {
      "uuid": "b8aca221-ff6f-4c37-a89c-f447352b528d",
      "title": "",
      "fullFile": "cypress/integration/TC001_E2E.feature",
      "file": "cypress/integration/TC001_E2E.feature",
      "beforeHooks": [],
      "afterHooks": [],
      "tests": [],
      "suites": [
        {
          "uuid": "64ffce08-76c4-4684-aafd-99a95fcbdb4a",
          "title": "Automate End to End Buy Order functionality.",
          "fullFile": "",
          "file": "",
          "beforeHooks": [],
          "afterHooks": [],
          "tests": [
            {
              "title": "Login",
              "fullTitle": "Automate End to End Buy Order functionality. Login",
              "timedOut": null,
              "duration": 12114,
              "state": "passed",
              "speed": "slow",
              "pass": true,
              "fail": false,
              "pending": false,
              "context": null,
              "code": "const state = window.testState;\nreturn cy\n  .then(() => state.onStartScenario(scenario, indexedSteps))\n  .then(() =>\n    resolveAndRunBeforeHooks.call(this, scenario.tags, state.feature.name)\n  )\n  .then(() =>\n    indexedSteps.forEach((step) =>\n      stepTest.call(this, state, step, rowData)\n    )\n  )\n  .then(() => state.onFinishScenario(scenario));",
              "err": {},
              "uuid": "9329de6b-e490-4031-9158-41f7a7e0608f",
              "parentUUID": "64ffce08-76c4-4684-aafd-99a95fcbdb4a",
              "isHook": false,
              "skipped": false
            },
            {
              "title": "User selects a product (example #1)",
              "fullTitle": "Automate End to End Buy Order functionality. User selects a product (example #1)",
              "timedOut": null,
              "duration": 13802,
              "state": "passed",
              "speed": "slow",
              "pass": true,
              "fail": false,
              "pending": false,
              "context": null,
              "code": "const state = window.testState;\nreturn cy\n  .then(() => state.onStartScenario(scenario, indexedSteps))\n  .then(() =>\n    resolveAndRunBeforeHooks.call(this, scenario.tags, state.feature.name)\n  )\n  .then(() =>\n    indexedSteps.forEach((step) =>\n      stepTest.call(this, state, step, rowData)\n    )\n  )\n  .then(() => state.onFinishScenario(scenario));",
              "err": {},
              "uuid": "9f9eeef8-0567-4fde-bd5f-1ba9e055d373",
              "parentUUID": "64ffce08-76c4-4684-aafd-99a95fcbdb4a",
              "isHook": false,
              "skipped": false
            },
            {
              "title": "Checkout with payment",
              "fullTitle": "Automate End to End Buy Order functionality. Checkout with payment",
              "timedOut": null,
              "duration": 13163,
              "state": "passed",
              "speed": "slow",
              "pass": true,
              "fail": false,
              "pending": false,
              "context": null,
              "code": "const state = window.testState;\nreturn cy\n  .then(() => state.onStartScenario(scenario, indexedSteps))\n  .then(() =>\n    resolveAndRunBeforeHooks.call(this, scenario.tags, state.feature.name)\n  )\n  .then(() =>\n    indexedSteps.forEach((step) =>\n      stepTest.call(this, state, step, rowData)\n    )\n  )\n  .then(() => state.onFinishScenario(scenario));",
              "err": {},
              "uuid": "af206c4c-f970-4a29-a83f-d66848d980dd",
              "parentUUID": "64ffce08-76c4-4684-aafd-99a95fcbdb4a",
              "isHook": false,
              "skipped": false
            }
          ],
          "suites": [],
          "passes": [
            "9329de6b-e490-4031-9158-41f7a7e0608f",
            "9f9eeef8-0567-4fde-bd5f-1ba9e055d373",
            "af206c4c-f970-4a29-a83f-d66848d980dd"
          ],
          "failures": [],
          "pending": [],
          "skipped": [],
          "duration": 39079,
          "root": false,
          "rootEmpty": false,
          "_timeout": 2000
        }
      ],
      "passes": [],
      "failures": [],
      "pending": [],
      "skipped": [],
      "duration": 0,
      "root": true,
      "rootEmpty": true,
      "_timeout": 2000
    }
  ],
  "meta": {
    "mocha": {
      "version": "7.0.1"
    },
    "mochawesome": {
      "options": {
        "quiet": false,
        "reportFilename": "mochawesome",
        "saveHtml": false,
        "saveJson": true,
        "consoleReporter": "spec",
        "useInlineDiffs": false,
        "code": true
      },
      "version": "6.2.2"
    },
    "marge": {
      "options": {
        "overwrite": false,
        "html": false,
        "json": true
      },
      "version": "5.2.0"
    }
  }
}