{
  "stats": {
    "suites": 1,
    "tests": 1,
    "passes": 1,
    "pending": 0,
    "failures": 0,
    "start": "2021-07-04T01:15:13.527Z",
    "end": "2021-07-04T01:15:32.065Z",
    "duration": 18538,
    "testsRegistered": 1,
    "passPercent": 100,
    "pendingPercent": 0,
    "other": 0,
    "hasOther": false,
    "skipped": 0,
    "hasSkipped": false
  },
  "results": [
    {
      "uuid": "ffe5ae08-b90a-4d46-ad0d-bbba5246ea06",
      "title": "",
      "fullFile": "cypress/integration/TC002_wishList.feature",
      "file": "cypress/integration/TC002_wishList.feature",
      "beforeHooks": [],
      "afterHooks": [],
      "tests": [],
      "suites": [
        {
          "uuid": "7b9c2ebd-0dd6-455d-92fe-dd8e76047657",
          "title": "Verify that 'Add to Wishlist' only works after login",
          "fullFile": "",
          "file": "",
          "beforeHooks": [],
          "afterHooks": [],
          "tests": [
            {
              "title": "Select a t shirt and add to wishlist (example #1)",
              "fullTitle": "Verify that 'Add to Wishlist' only works after login Select a t shirt and add to wishlist (example #1)",
              "timedOut": null,
              "duration": 18425,
              "state": "passed",
              "speed": "slow",
              "pass": true,
              "fail": false,
              "pending": false,
              "context": null,
              "code": "const state = window.testState;\nreturn cy\n  .then(() => state.onStartScenario(scenario, indexedSteps))\n  .then(() =>\n    resolveAndRunBeforeHooks.call(this, scenario.tags, state.feature.name)\n  )\n  .then(() =>\n    indexedSteps.forEach((step) =>\n      stepTest.call(this, state, step, rowData)\n    )\n  )\n  .then(() => state.onFinishScenario(scenario));",
              "err": {},
              "uuid": "0a5e68dc-13b6-4188-96ca-8c5ec7c59d08",
              "parentUUID": "7b9c2ebd-0dd6-455d-92fe-dd8e76047657",
              "isHook": false,
              "skipped": false
            }
          ],
          "suites": [],
          "passes": [
            "0a5e68dc-13b6-4188-96ca-8c5ec7c59d08"
          ],
          "failures": [],
          "pending": [],
          "skipped": [],
          "duration": 18425,
          "root": false,
          "rootEmpty": false,
          "_timeout": 2000
        }
      ],
      "passes": [],
      "failures": [],
      "pending": [],
      "skipped": [],
      "duration": 0,
      "root": true,
      "rootEmpty": true,
      "_timeout": 2000
    }
  ],
  "meta": {
    "mocha": {
      "version": "7.0.1"
    },
    "mochawesome": {
      "options": {
        "quiet": false,
        "reportFilename": "mochawesome",
        "saveHtml": false,
        "saveJson": true,
        "consoleReporter": "spec",
        "useInlineDiffs": false,
        "code": true
      },
      "version": "6.2.2"
    },
    "marge": {
      "options": {
        "overwrite": false,
        "html": false,
        "json": true
      },
      "version": "5.2.0"
    }
  }
}